h:\enti\m06-\uf3\reto2_gerard_jc_joan_abad\20180509\x64\debug\vc141.pdb
h:\enti\m06-\uf3\reto2_gerard_jc_joan_abad\20180509\x64\debug\vc141.idb
h:\enti\m06-\uf3\reto2_gerard_jc_joan_abad\20180509\x64\debug\worlddungeonfixed.obj
h:\enti\m06-\uf3\reto2_gerard_jc_joan_abad\20180509\x64\debug\source.obj
h:\enti\m06-\uf3\reto2_gerard_jc_joan_abad\20180509\x64\debug\pugixml.obj
h:\enti\m06-\uf3\reto2_gerard_jc_joan_abad\20180509\x64\debug\juego.obj
h:\enti\m06-\uf3\reto2_gerard_jc_joan_abad\20180509\x64\debug\conectdatabase.obj
e:\enti\m06-\uf3\reto2_gerard_jc_joan_abad\20180509\x64\debug\vc141.pdb
e:\enti\m06-\uf3\reto2_gerard_jc_joan_abad\20180509\x64\debug\vc141.idb
e:\enti\m06-\uf3\reto2_gerard_jc_joan_abad\20180509\x64\debug\juego.obj
e:\enti\m06-\uf3\reto2_gerard_jc_joan_abad\20180509\x64\debug\pugixml.obj
e:\enti\m06-\uf3\reto2_gerard_jc_joan_abad\20180509\x64\debug\source.obj
e:\enti\m06-\uf3\reto2_gerard_jc_joan_abad\20180509\x64\debug\worlddungeonfixed.obj
h:\enti\m06-\uf3\reto2_gerard_jc_joan_abad\x64\debug\20180509.exe
h:\enti\m06-\uf3\reto2_gerard_jc_joan_abad\x64\debug\20180509.ilk
h:\enti\m06-\uf3\reto2_gerard_jc_joan_abad\x64\debug\20180509.pdb
e:\enti\m06-\uf3\reto2_gerard_jc_joan_abad\x64\debug\20180509.pdb
e:\enti\m06-\uf3\reto2_gerard_jc_joan_abad\x64\debug\20180509.exe
e:\enti\m06-\uf3\reto2_gerard_jc_joan_abad\x64\debug\20180509.ilk
e:\enti\m06-\uf3\reto2_gerard_jc_joan_abad\20180509\x64\debug\20180509.tlog\cl.command.1.tlog
e:\enti\m06-\uf3\reto2_gerard_jc_joan_abad\20180509\x64\debug\20180509.tlog\cl.read.1.tlog
e:\enti\m06-\uf3\reto2_gerard_jc_joan_abad\20180509\x64\debug\20180509.tlog\cl.write.1.tlog
e:\enti\m06-\uf3\reto2_gerard_jc_joan_abad\20180509\x64\debug\20180509.tlog\link.command.1.tlog
e:\enti\m06-\uf3\reto2_gerard_jc_joan_abad\20180509\x64\debug\20180509.tlog\link.read.1.tlog
e:\enti\m06-\uf3\reto2_gerard_jc_joan_abad\20180509\x64\debug\20180509.tlog\link.write.1.tlog
